<?xml version="1.0" encoding="UTF-8"?>
<!-- Generated by org.testng.reporters.JUnitReportReporter -->
<testsuite skipped="0" hostname="SSTPR039" name="jenkins.Jenkinstest" tests="1" failures="0" timestamp="21 Aug 2019 13:21:47 GMT" time="3.353" errors="0">
  <testcase name="launchurl" time="3.353" classname="jenkins.Jenkinstest"/>
</testsuite> <!-- jenkins.Jenkinstest -->
